<?xml version="1.0" encoding="UTF-8"?>
<testsuite xmlns:xsi="http://www.w3.org/2001/XMLSchema-instance" xsi:noNamespaceSchemaLocation="https://maven.apache.org/surefire/maven-surefire-plugin/xsd/surefire-test-report.xsd" name="Week07.ApplicationTest" time="3.089" tests="6" errors="0" skipped="0" failures="0">
  <properties>
[...]
</properties>
  <testcase name="shouldUpdateRoom" classname="Week07.ApplicationTest" time="0.582"/>
  <testcase name="shouldUpdateUser" classname="Week07.ApplicationTest" time="0.087"/>
  <testcase name="shouldCreateEntries" classname="Week07.ApplicationTest" time="0.103"/>
  <testcase name="shouldDeleteObjects" classname="Week07.ApplicationTest" time="0.144"/>
  <testcase name="shouldGetObjectLists" classname="Week07.ApplicationTest" time="0.257"/>
  <testcase name="shouldUpdateBooking" classname="Week07.ApplicationTest" time="0.069"/>
</testsuite>